{"level":"info","message":""}
{"message":{"message":""},"level":"info"}
{"message":"strating ap","level":"info"}
{"message":"starting application","level":"info"}
{"message":"starting application","level":"info"}
{"message":"starting application","level":"info"}
{"message":"starting application","level":"info"}
{"message":"starting application","level":"info"}
{"message":"starting application","level":"info"}
{"message":"starting application","level":"info"}
{"message":"starting application","level":"info"}
{"message":"starting application","level":"info"}
{"message":"starting application","level":"info"}
{"message":"starting application","level":"info"}
{"message":"starting application","level":"info"}
{"message":"starting application","level":"info"}
{"message":"starting application","level":"info"}
{"message":"starting application","level":"info"}
{"message":"starting application","level":"info"}
{"message":"starting application","level":"info"}
{"message":"starting application","level":"info"}
{"message":"starting application","level":"info"}
{"message":"starting application","level":"info"}
{"message":"starting application","level":"info"}
{"message":"starting application","level":"info"}
{"message":"starting application","level":"info"}
{"message":"starting application","level":"info"}
{"message":"starting application","level":"info"}
{"message":"starting application","level":"info"}
{"message":"starting application","level":"info"}
{"message":"starting application","level":"info"}
{"message":"starting application","level":"info"}
{"message":"starting application","level":"info"}
{"message":"starting application","level":"info"}
{"message":"starting application","level":"info"}
{"message":"starting application","level":"info"}
{"message":"starting application","level":"info"}
{"message":"starting application","level":"info"}
{"message":"starting application","level":"info"}
{"message":"starting application","level":"info"}
{"message":"logger","level":"info"}
{"message":"starting application","level":"info"}
{"message":"starting application","level":"info"}
{"message":"starting application","level":"info"}
{"message":"starting application","level":"info"}
{"message":"starting application","level":"info"}
{"message":"starting application","level":"info"}
{"message":"starting application","level":"info"}
{"message":"starting application","level":"info"}
{"message":"request Started /","level":"info"}
{"message":"starting application","level":"info"}
{"message":"starting application","level":"info"}
{"message":"starting application","level":"info"}
{"message":"starting application","level":"info"}
{"message":"starting application","level":"info"}
{"message":"starting application","level":"info"}
{"message":"request Started /","level":"info"}
{"message":"starting application","level":"info"}
{"message":"starting application","level":"info"}
{"message":"starting application","level":"info"}
{"message":"starting application","level":"info"}
{"message":"starting application","level":"info"}
{"message":"starting application","level":"info"}
{"message":"starting application","level":"info"}
{"message":"starting application","level":"info"}
{"message":"starting application","level":"info"}
{"message":"starting application","level":"info"}
{"message":"starting application","level":"info"}
{"message":"starting application","level":"info"}
{"message":"starting application","level":"info"}
{"message":"starting application","level":"info"}
{"message":"starting application","level":"info"}
{"message":"starting application","level":"info"}
{"message":"starting application","level":"info"}
{"message":"starting application","level":"info"}
{"message":"starting application","level":"info"}
{"message":"starting application","level":"info"}
{"message":"starting application","level":"info"}
{"message":"starting application","level":"info"}
{"message":"starting application","level":"info"}
{"message":"starting application","level":"info"}
{"message":"starting application","level":"info"}
{"message":"starting application","level":"info"}
{"message":"starting application","level":"info"}
{"message":"starting application","level":"info"}
{"message":"starting application","level":"info"}
{"message":"starting application","level":"info"}
{"message":"starting application","level":"info"}
{"message":"starting application","level":"info"}
{"message":"starting application","level":"info"}
{"message":"starting application","level":"info"}
{"message":"starting application","level":"info"}
{"message":"starting application","level":"info"}
{"message":"starting application","level":"info"}
{"message":"starting application","level":"info"}
{"message":"starting application","level":"info"}
{"message":"starting application","level":"info"}
{"message":"starting application","level":"info"}
{"message":"starting application","level":"info"}
{"message":"starting application","level":"info"}
